
Found perl:
   /bin/perl
   This is perl 5, version 16, subversion 3 (v5.16.3) built for x86_64-linux-thread-multi

Found java:
   /bin/java
   openjdk version "1.8.0_262"

Found canu:
   /project/90daydata/gbru_tmp-amanda/Kokia/wgs/1-assembly/apps/canu-2.2/bin/canu
   canu 2.2


Creating library 'SHA256E-s11342491780--4a59eec8de5e83c5bfc8e01c0266ecc7efd31205867cc1efa9dced711d7e2a81' for Nanopore raw reads.

               reads               bases
---------- --------- ------ ------------ ------
Loaded       1839408  91.3%  10251183137  98.9%  /project/90daydata/gbru_tmp-amanda/Kokia/.git/annex/objects/2k/Xv/SHA256E-s11342491780--4a59eec8de5e83c5bfc8e01c0266ecc7efd31205867cc1efa9dced711d7e2a81.fq.gz/SHA256E-s11342491780--4a59eec8de5e83c5bfc8e01c0266ecc7efd31205867cc1efa9dced711d7e2a81.fq.gz
Short         175216   8.7%    115670995   1.1%


Creating library 'SHA256E-s11051628761--a985d75743c151ca11e7cf918ef86e59b58d66fa872584232a79ef58e5e5ce8f' for Nanopore raw reads.

               reads               bases
---------- --------- ------ ------------ ------
Loaded       1810098  91.7%   9963780420  98.9%  /project/90daydata/gbru_tmp-amanda/Kokia/.git/annex/objects/4v/Q4/SHA256E-s11051628761--a985d75743c151ca11e7cf918ef86e59b58d66fa872584232a79ef58e5e5ce8f.fq.gz/SHA256E-s11051628761--a985d75743c151ca11e7cf918ef86e59b58d66fa872584232a79ef58e5e5ce8f.fq.gz
Short         162914   8.3%    107167086   1.1%


All reads processed.

               reads               bases
---------- --------- ------ ------------ ------
Loaded       3649506  91.5%  20214963557  98.9%
Short         338130   8.5%    222838081   1.1%


Bye.
